# JRE version: OpenJDK Runtime Environment Temurin-21.0.5+11 (21.0.5+11) (build 21.0.5+11-LTS)
# Java VM: OpenJDK 64-Bit Server VM Temurin-21.0.5+11 (21.0.5+11-LTS, mixed mode, sharing, tiered, compressed oops, compressed class ptrs, g1 gc, windows-amd64)
GC Precious Log:
 CardTable entry size: 512
 Card Set container configuration: InlinePtr #cards 5 size 8 Array Of Cards #cards 12 size 40 Howl #buckets 4 coarsen threshold 1843 Howl Bitmap #cards 512 size 80 coarsen threshold 460 Card regions per heap region 1 cards per card region 2048
 CPUs: 8 total, 8 available
 Memory: 7876M
 Large Page Support: Disabled
 NUMA Support: Disabled
 Compressed Oops: Enabled (32-bit)
 Heap Region Size: 1M
 Heap Min Capacity: 8M
 Heap Initial Capacity: 124M
 Heap Max Capacity: 1970M
 Pre-touch: Disabled
 Parallel Workers: 8
 Concurrent Workers: 2
 Concurrent Refinement Workers: 8
 Periodic GC: Disabled
Heap:
 garbage-first heap   total 106496K, used 30660K [0x0000000084e00000, 0x0000000100000000)
  region size 1024K, 2 young (2048K), 0 survivors (0K)
 Metaspace       used 78295K, committed 79808K, reserved 1179648K
  class space    used 10035K, committed 10560K, reserved 1048576K
GC Heap History (20 events):
Event: 247.109 GC heap before
{Heap before GC invocations=19 (full 2):
 garbage-first heap   total 112640K, used 63100K [0x0000000084e00000, 0x0000000100000000)
  region size 1024K, 26 young (26624K), 6 survivors (6144K)
 Metaspace       used 76689K, committed 77568K, reserved 1179648K
  class space    used 10060K, committed 10432K, reserved 1048576K
}
Event: 247.181 GC heap after
{Heap after GC invocations=20 (full 3):
 garbage-first heap   total 112640K, used 36525K [0x0000000084e00000, 0x0000000100000000)
  region size 1024K, 0 young (0K), 0 survivors (0K)
 Metaspace       used 76686K, committed 77568K, reserved 1179648K
  class space    used 10059K, committed 10432K, reserved 1048576K
}
Event: 251.727 GC heap before
{Heap before GC invocations=20 (full 3):
 garbage-first heap   total 112640K, used 95917K [0x0000000084e00000, 0x0000000100000000)
  region size 1024K, 58 young (59392K), 0 survivors (0K)
 Metaspace       used 77006K, committed 77888K, reserved 1179648K
  class space    used 10071K, committed 10432K, reserved 1048576K
}
Event: 251.734 GC heap after
{Heap after GC invocations=21 (full 3):
 garbage-first heap   total 112640K, used 42324K [0x0000000084e00000, 0x0000000100000000)
  region size 1024K, 6 young (6144K), 6 survivors (6144K)
 Metaspace       used 77006K, committed 77888K, reserved 1179648K
  class space    used 10071K, committed 10432K, reserved 1048576K
}
Event: 271.753 GC heap before
{Heap before GC invocations=21 (full 3):
 garbage-first heap   total 112640K, used 63828K [0x0000000084e00000, 0x0000000100000000)
  region size 1024K, 26 young (26624K), 6 survivors (6144K)
 Metaspace       used 77232K, committed 78144K, reserved 1179648K
  class space    used 10078K, committed 10496K, reserved 1048576K
}
Event: 272.016 GC heap after
{Heap after GC invocations=22 (full 4):
 garbage-first heap   total 112640K, used 36749K [0x0000000084e00000, 0x0000000100000000)
  region size 1024K, 0 young (0K), 0 survivors (0K)
 Metaspace       used 77229K, committed 78144K, reserved 1179648K
  class space    used 10078K, committed 10496K, reserved 1048576K
}
Event: 277.094 GC heap before
{Heap before GC invocations=22 (full 4):
 garbage-first heap   total 112640K, used 96141K [0x0000000084e00000, 0x0000000100000000)
  region size 1024K, 58 young (59392K), 0 survivors (0K)
 Metaspace       used 77613K, committed 78528K, reserved 1179648K
  class space    used 10111K, committed 10496K, reserved 1048576K
}
Event: 277.113 GC heap after
{Heap after GC invocations=23 (full 4):
 garbage-first heap   total 135168K, used 42439K [0x0000000084e00000, 0x0000000100000000)
  region size 1024K, 6 young (6144K), 6 survivors (6144K)
 Metaspace       used 77613K, committed 78528K, reserved 1179648K
  class space    used 10111K, committed 10496K, reserved 1048576K
}
Event: 365.958 GC heap before
{Heap before GC invocations=23 (full 4):
 garbage-first heap   total 135168K, used 65991K [0x0000000084e00000, 0x0000000100000000)
  region size 1024K, 28 young (28672K), 6 survivors (6144K)
 Metaspace       used 77840K, committed 78720K, reserved 1179648K
  class space    used 10118K, committed 10496K, reserved 1048576K
}
Event: 366.357 GC heap after
{Heap after GC invocations=24 (full 5):
 garbage-first heap   total 133120K, used 36986K [0x0000000084e00000, 0x0000000100000000)
  region size 1024K, 0 young (0K), 0 survivors (0K)
 Metaspace       used 77837K, committed 78720K, reserved 1179648K
  class space    used 10118K, committed 10496K, reserved 1048576K
}
Event: 370.432 GC heap before
{Heap before GC invocations=24 (full 5):
 garbage-first heap   total 133120K, used 111738K [0x0000000084e00000, 0x0000000100000000)
  region size 1024K, 71 young (72704K), 0 survivors (0K)
 Metaspace       used 78317K, committed 79296K, reserved 1179648K
  class space    used 10138K, committed 10560K, reserved 1048576K
}
Event: 370.443 GC heap after
{Heap after GC invocations=25 (full 5):
 garbage-first heap   total 133120K, used 46087K [0x0000000084e00000, 0x0000000100000000)
  region size 1024K, 7 young (7168K), 7 survivors (7168K)
 Metaspace       used 78317K, committed 79296K, reserved 1179648K
  class space    used 10138K, committed 10560K, reserved 1048576K
}
Event: 381.503 GC heap before
{Heap before GC invocations=25 (full 5):
 garbage-first heap   total 133120K, used 53255K [0x0000000084e00000, 0x0000000100000000)
  region size 1024K, 15 young (15360K), 7 survivors (7168K)
 Metaspace       used 78346K, committed 79296K, reserved 1179648K
  class space    used 10138K, committed 10560K, reserved 1048576K
}
Event: 381.588 GC heap after
{Heap after GC invocations=26 (full 6):
 garbage-first heap   total 133120K, used 37204K [0x0000000084e00000, 0x0000000100000000)
  region size 1024K, 0 young (0K), 0 survivors (0K)
 Metaspace       used 78343K, committed 79296K, reserved 1179648K
  class space    used 10138K, committed 10560K, reserved 1048576K
}
Event: 388.368 GC heap before
{Heap before GC invocations=26 (full 6):
 garbage-first heap   total 133120K, used 111956K [0x0000000084e00000, 0x0000000100000000)
  region size 1024K, 71 young (72704K), 0 survivors (0K)
 Metaspace       used 78773K, committed 79680K, reserved 1179648K
  class space    used 10157K, committed 10560K, reserved 1048576K
}
Event: 388.376 GC heap after
{Heap after GC invocations=27 (full 6):
 garbage-first heap   total 133120K, used 46337K [0x0000000084e00000, 0x0000000100000000)
  region size 1024K, 7 young (7168K), 7 survivors (7168K)
 Metaspace       used 78773K, committed 79680K, reserved 1179648K
  class space    used 10157K, committed 10560K, reserved 1048576K
}
Event: 3182.614 GC heap before
{Heap before GC invocations=27 (full 6):
 garbage-first heap   total 133120K, used 112897K [0x0000000084e00000, 0x0000000100000000)
  region size 1024K, 72 young (73728K), 7 survivors (7168K)
 Metaspace       used 78881K, committed 79808K, reserved 1179648K
  class space    used 10157K, committed 10560K, reserved 1048576K
}
Event: 3182.755 GC heap after
{Heap after GC invocations=28 (full 6):
 garbage-first heap   total 133120K, used 45628K [0x0000000084e00000, 0x0000000100000000)
  region size 1024K, 2 young (2048K), 2 survivors (2048K)
 Metaspace       used 78881K, committed 79808K, reserved 1179648K
  class space    used 10157K, committed 10560K, reserved 1048576K
}
Event: 4393.904 GC heap before
{Heap before GC invocations=28 (full 6):
 garbage-first heap   total 133120K, used 73276K [0x0000000084e00000, 0x0000000100000000)
  region size 1024K, 30 young (30720K), 2 survivors (2048K)
 Metaspace       used 78926K, committed 79872K, reserved 1179648K
  class space    used 10157K, committed 10560K, reserved 1048576K
}
Event: 4395.121 GC heap after
{Heap after GC invocations=29 (full 7):
 garbage-first heap   total 106496K, used 29636K [0x0000000084e00000, 0x0000000100000000)
  region size 1024K, 0 young (0K), 0 survivors (0K)
 Metaspace       used 78273K, committed 79808K, reserved 1179648K
  class space    used 10031K, committed 10560K, reserved 1048576K
}

