# JRE version: OpenJDK Runtime Environment Temurin-21.0.7+6 (21.0.7+6) (build 21.0.7+6-LTS)
# Java VM: OpenJDK 64-Bit Server VM Temurin-21.0.7+6 (21.0.7+6-LTS, mixed mode, sharing, tiered, compressed oops, compressed class ptrs, parallel gc, windows-amd64)
GC Precious Log:
 CardTable entry size: 512
 CPUs: 8 total, 8 available
 Memory: 7876M
 Large Page Support: Disabled
 NUMA Support: Disabled
 Compressed Oops: Enabled (32-bit)
 Alignments: Space 512K, Generation 512K, Heap 2M
 Heap Min Capacity: 100M
 Heap Initial Capacity: 100M
 Heap Max Capacity: 2G
 Pre-touch: Disabled
 Parallel Workers: 8
Heap:
 PSYoungGen      total 35328K, used 30816K [0x00000000d5580000, 0x00000000d7e80000, 0x0000000100000000)
  eden space 27648K, 100% used [0x00000000d5580000,0x00000000d7080000,0x00000000d7080000)
  from space 7680K, 41% used [0x00000000d7080000,0x00000000d7398000,0x00000000d7800000)
  to   space 4608K, 15% used [0x00000000d7a00000,0x00000000d7ab7390,0x00000000d7e80000)
 ParOldGen       total 890880K, used 890872K [0x0000000080000000, 0x00000000b6600000, 0x00000000d5580000)
  object space 890880K, 99% used [0x0000000080000000,0x00000000b65fe160,0x00000000b6600000)
 Metaspace       used 66366K, committed 67904K, reserved 1114112K
  class space    used 6832K, committed 7488K, reserved 1048576K
GC Heap History (20 events):
Event: 112.619 GC heap before
{Heap before GC invocations=1435 (full 3):
 PSYoungGen      total 11264K, used 11264K [0x00000000d5580000, 0x00000000d6680000, 0x0000000100000000)
  eden space 9728K, 100% used [0x00000000d5580000,0x00000000d5f00000,0x00000000d5f00000)
  from space 1536K, 100% used [0x00000000d5f00000,0x00000000d6080000,0x00000000d6080000)
  to   space 3072K, 0% used [0x00000000d6380000,0x00000000d6380000,0x00000000d6680000)
 ParOldGen       total 851456K, used 851394K [0x0000000080000000, 0x00000000b3f80000, 0x00000000d5580000)
  object space 851456K, 99% used [0x0000000080000000,0x00000000b3f70950,0x00000000b3f80000)
 Metaspace       used 66347K, committed 67904K, reserved 1114112K
  class space    used 6830K, committed 7488K, reserved 1048576K
}
Event: 112.626 GC heap after
{Heap after GC invocations=1435 (full 3):
 PSYoungGen      total 14336K, used 1984K [0x00000000d5580000, 0x00000000d6600000, 0x0000000100000000)
  eden space 11776K, 0% used [0x00000000d5580000,0x00000000d5580000,0x00000000d6100000)
  from space 2560K, 77% used [0x00000000d6380000,0x00000000d6570000,0x00000000d6600000)
  to   space 2560K, 0% used [0x00000000d6100000,0x00000000d6100000,0x00000000d6380000)
 ParOldGen       total 852992K, used 852882K [0x0000000080000000, 0x00000000b4100000, 0x00000000d5580000)
  object space 852992K, 99% used [0x0000000080000000,0x00000000b40e4950,0x00000000b4100000)
 Metaspace       used 66347K, committed 67904K, reserved 1114112K
  class space    used 6830K, committed 7488K, reserved 1048576K
}
Event: 112.663 GC heap before
{Heap before GC invocations=1436 (full 3):
 PSYoungGen      total 14336K, used 13760K [0x00000000d5580000, 0x00000000d6600000, 0x0000000100000000)
  eden space 11776K, 100% used [0x00000000d5580000,0x00000000d6100000,0x00000000d6100000)
  from space 2560K, 77% used [0x00000000d6380000,0x00000000d6570000,0x00000000d6600000)
  to   space 2560K, 0% used [0x00000000d6100000,0x00000000d6100000,0x00000000d6380000)
 ParOldGen       total 852992K, used 852882K [0x0000000080000000, 0x00000000b4100000, 0x00000000d5580000)
  object space 852992K, 99% used [0x0000000080000000,0x00000000b40e4950,0x00000000b4100000)
 Metaspace       used 66348K, committed 67904K, reserved 1114112K
  class space    used 6830K, committed 7488K, reserved 1048576K
}
Event: 112.671 GC heap after
{Heap after GC invocations=1436 (full 3):
 PSYoungGen      total 14336K, used 2547K [0x00000000d5580000, 0x00000000d6e80000, 0x0000000100000000)
  eden space 11776K, 0% used [0x00000000d5580000,0x00000000d5580000,0x00000000d6100000)
  from space 2560K, 99% used [0x00000000d6100000,0x00000000d637cf28,0x00000000d6380000)
  to   space 5632K, 0% used [0x00000000d6900000,0x00000000d6900000,0x00000000d6e80000)
 ParOldGen       total 855552K, used 855246K [0x0000000080000000, 0x00000000b4380000, 0x00000000d5580000)
  object space 855552K, 99% used [0x0000000080000000,0x00000000b4333960,0x00000000b4380000)
 Metaspace       used 66348K, committed 67904K, reserved 1114112K
  class space    used 6830K, committed 7488K, reserved 1048576K
}
Event: 112.690 GC heap before
{Heap before GC invocations=1437 (full 3):
 PSYoungGen      total 14336K, used 14323K [0x00000000d5580000, 0x00000000d6e80000, 0x0000000100000000)
  eden space 11776K, 100% used [0x00000000d5580000,0x00000000d6100000,0x00000000d6100000)
  from space 2560K, 99% used [0x00000000d6100000,0x00000000d637cf28,0x00000000d6380000)
  to   space 5632K, 0% used [0x00000000d6900000,0x00000000d6900000,0x00000000d6e80000)
 ParOldGen       total 855552K, used 855246K [0x0000000080000000, 0x00000000b4380000, 0x00000000d5580000)
  object space 855552K, 99% used [0x0000000080000000,0x00000000b4333960,0x00000000b4380000)
 Metaspace       used 66351K, committed 67904K, reserved 1114112K
  class space    used 6830K, committed 7488K, reserved 1048576K
}
Event: 112.699 GC heap after
{Heap after GC invocations=1437 (full 3):
 PSYoungGen      total 18432K, used 4054K [0x00000000d5580000, 0x00000000d6d00000, 0x0000000100000000)
  eden space 14336K, 0% used [0x00000000d5580000,0x00000000d5580000,0x00000000d6380000)
  from space 4096K, 98% used [0x00000000d6900000,0x00000000d6cf59d0,0x00000000d6d00000)
  to   space 4608K, 0% used [0x00000000d6400000,0x00000000d6400000,0x00000000d6880000)
 ParOldGen       total 858112K, used 857803K [0x0000000080000000, 0x00000000b4600000, 0x00000000d5580000)
  object space 858112K, 99% used [0x0000000080000000,0x00000000b45b2f20,0x00000000b4600000)
 Metaspace       used 66351K, committed 67904K, reserved 1114112K
  class space    used 6830K, committed 7488K, reserved 1048576K
}
Event: 112.720 GC heap before
{Heap before GC invocations=1438 (full 3):
 PSYoungGen      total 18432K, used 18390K [0x00000000d5580000, 0x00000000d6d00000, 0x0000000100000000)
  eden space 14336K, 100% used [0x00000000d5580000,0x00000000d6380000,0x00000000d6380000)
  from space 4096K, 98% used [0x00000000d6900000,0x00000000d6cf59d0,0x00000000d6d00000)
  to   space 4608K, 0% used [0x00000000d6400000,0x00000000d6400000,0x00000000d6880000)
 ParOldGen       total 858112K, used 857803K [0x0000000080000000, 0x00000000b4600000, 0x00000000d5580000)
  object space 858112K, 99% used [0x0000000080000000,0x00000000b45b2f20,0x00000000b4600000)
 Metaspace       used 66351K, committed 67904K, reserved 1114112K
  class space    used 6830K, committed 7488K, reserved 1048576K
}
Event: 112.728 GC heap after
{Heap after GC invocations=1438 (full 3):
 PSYoungGen      total 19456K, used 3968K [0x00000000d5580000, 0x00000000d6e80000, 0x0000000100000000)
  eden space 14848K, 0% used [0x00000000d5580000,0x00000000d5580000,0x00000000d6400000)
  from space 4608K, 86% used [0x00000000d6400000,0x00000000d67e0000,0x00000000d6880000)
  to   space 4096K, 0% used [0x00000000d6a80000,0x00000000d6a80000,0x00000000d6e80000)
 ParOldGen       total 862208K, used 861736K [0x0000000080000000, 0x00000000b4a00000, 0x00000000d5580000)
  object space 862208K, 99% used [0x0000000080000000,0x00000000b498a390,0x00000000b4a00000)
 Metaspace       used 66351K, committed 67904K, reserved 1114112K
  class space    used 6830K, committed 7488K, reserved 1048576K
}
Event: 112.745 GC heap before
{Heap before GC invocations=1439 (full 3):
 PSYoungGen      total 19456K, used 18816K [0x00000000d5580000, 0x00000000d6e80000, 0x0000000100000000)
  eden space 14848K, 100% used [0x00000000d5580000,0x00000000d6400000,0x00000000d6400000)
  from space 4608K, 86% used [0x00000000d6400000,0x00000000d67e0000,0x00000000d6880000)
  to   space 4096K, 0% used [0x00000000d6a80000,0x00000000d6a80000,0x00000000d6e80000)
 ParOldGen       total 862208K, used 861736K [0x0000000080000000, 0x00000000b4a00000, 0x00000000d5580000)
  object space 862208K, 99% used [0x0000000080000000,0x00000000b498a390,0x00000000b4a00000)
 Metaspace       used 66354K, committed 67904K, reserved 1114112K
  class space    used 6831K, committed 7488K, reserved 1048576K
}
Event: 112.754 GC heap after
{Heap after GC invocations=1439 (full 3):
 PSYoungGen      total 21504K, used 3476K [0x00000000d5580000, 0x00000000d6f00000, 0x0000000100000000)
  eden space 17408K, 0% used [0x00000000d5580000,0x00000000d5580000,0x00000000d6680000)
  from space 4096K, 84% used [0x00000000d6a80000,0x00000000d6de50e0,0x00000000d6e80000)
  to   space 4096K, 0% used [0x00000000d6680000,0x00000000d6680000,0x00000000d6a80000)
 ParOldGen       total 865792K, used 865624K [0x0000000080000000, 0x00000000b4d80000, 0x00000000d5580000)
  object space 865792K, 99% used [0x0000000080000000,0x00000000b4d563a0,0x00000000b4d80000)
 Metaspace       used 66354K, committed 67904K, reserved 1114112K
  class space    used 6831K, committed 7488K, reserved 1048576K
}
Event: 112.779 GC heap before
{Heap before GC invocations=1440 (full 3):
 PSYoungGen      total 21504K, used 20884K [0x00000000d5580000, 0x00000000d6f00000, 0x0000000100000000)
  eden space 17408K, 100% used [0x00000000d5580000,0x00000000d6680000,0x00000000d6680000)
  from space 4096K, 84% used [0x00000000d6a80000,0x00000000d6de50e0,0x00000000d6e80000)
  to   space 4096K, 0% used [0x00000000d6680000,0x00000000d6680000,0x00000000d6a80000)
 ParOldGen       total 865792K, used 865624K [0x0000000080000000, 0x00000000b4d80000, 0x00000000d5580000)
  object space 865792K, 99% used [0x0000000080000000,0x00000000b4d563a0,0x00000000b4d80000)
 Metaspace       used 66355K, committed 67904K, reserved 1114112K
  class space    used 6831K, committed 7488K, reserved 1048576K
}
Event: 112.787 GC heap after
{Heap after GC invocations=1440 (full 3):
 PSYoungGen      total 21504K, used 4072K [0x00000000d5580000, 0x00000000d7b00000, 0x0000000100000000)
  eden space 17408K, 0% used [0x00000000d5580000,0x00000000d5580000,0x00000000d6680000)
  from space 4096K, 99% used [0x00000000d6680000,0x00000000d6a7a2c0,0x00000000d6a80000)
  to   space 8704K, 0% used [0x00000000d7280000,0x00000000d7280000,0x00000000d7b00000)
 ParOldGen       total 869376K, used 869105K [0x0000000080000000, 0x00000000b5100000, 0x00000000d5580000)
  object space 869376K, 99% used [0x0000000080000000,0x00000000b50bc490,0x00000000b5100000)
 Metaspace       used 66355K, committed 67904K, reserved 1114112K
  class space    used 6831K, committed 7488K, reserved 1048576K
}
Event: 112.806 GC heap before
{Heap before GC invocations=1441 (full 3):
 PSYoungGen      total 21504K, used 21480K [0x00000000d5580000, 0x00000000d7b00000, 0x0000000100000000)
  eden space 17408K, 100% used [0x00000000d5580000,0x00000000d6680000,0x00000000d6680000)
  from space 4096K, 99% used [0x00000000d6680000,0x00000000d6a7a2c0,0x00000000d6a80000)
  to   space 8704K, 0% used [0x00000000d7280000,0x00000000d7280000,0x00000000d7b00000)
 ParOldGen       total 869376K, used 869105K [0x0000000080000000, 0x00000000b5100000, 0x00000000d5580000)
  object space 869376K, 99% used [0x0000000080000000,0x00000000b50bc490,0x00000000b5100000)
 Metaspace       used 66357K, committed 67904K, reserved 1114112K
  class space    used 6831K, committed 7488K, reserved 1048576K
}
Event: 112.815 GC heap after
{Heap after GC invocations=1441 (full 3):
 PSYoungGen      total 25088K, used 3933K [0x00000000d5580000, 0x00000000d7680000, 0x0000000100000000)
  eden space 20992K, 0% used [0x00000000d5580000,0x00000000d5580000,0x00000000d6a00000)
  from space 4096K, 96% used [0x00000000d7280000,0x00000000d7657538,0x00000000d7680000)
  to   space 5632K, 0% used [0x00000000d6b80000,0x00000000d6b80000,0x00000000d7100000)
 ParOldGen       total 873472K, used 873074K [0x0000000080000000, 0x00000000b5500000, 0x00000000d5580000)
  object space 873472K, 99% used [0x0000000080000000,0x00000000b549ca10,0x00000000b5500000)
 Metaspace       used 66357K, committed 67904K, reserved 1114112K
  class space    used 6831K, committed 7488K, reserved 1048576K
}
Event: 112.880 GC heap before
{Heap before GC invocations=1442 (full 3):
 PSYoungGen      total 25088K, used 24925K [0x00000000d5580000, 0x00000000d7680000, 0x0000000100000000)
  eden space 20992K, 100% used [0x00000000d5580000,0x00000000d6a00000,0x00000000d6a00000)
  from space 4096K, 96% used [0x00000000d7280000,0x00000000d7657538,0x00000000d7680000)
  to   space 5632K, 0% used [0x00000000d6b80000,0x00000000d6b80000,0x00000000d7100000)
 ParOldGen       total 873472K, used 873074K [0x0000000080000000, 0x00000000b5500000, 0x00000000d5580000)
  object space 873472K, 99% used [0x0000000080000000,0x00000000b549ca10,0x00000000b5500000)
 Metaspace       used 66363K, committed 67904K, reserved 1114112K
  class space    used 6832K, committed 7488K, reserved 1048576K
}
Event: 112.888 GC heap after
{Heap after GC invocations=1442 (full 3):
 PSYoungGen      total 28160K, used 5606K [0x00000000d5580000, 0x00000000d8480000, 0x0000000100000000)
  eden space 22528K, 0% used [0x00000000d5580000,0x00000000d5580000,0x00000000d6b80000)
  from space 5632K, 99% used [0x00000000d6b80000,0x00000000d70f9950,0x00000000d7100000)
  to   space 11264K, 0% used [0x00000000d7980000,0x00000000d7980000,0x00000000d8480000)
 ParOldGen       total 877568K, used 877455K [0x0000000080000000, 0x00000000b5900000, 0x00000000d5580000)
  object space 877568K, 99% used [0x0000000080000000,0x00000000b58e3f48,0x00000000b5900000)
 Metaspace       used 66363K, committed 67904K, reserved 1114112K
  class space    used 6832K, committed 7488K, reserved 1048576K
}
Event: 112.920 GC heap before
{Heap before GC invocations=1443 (full 3):
 PSYoungGen      total 28160K, used 28134K [0x00000000d5580000, 0x00000000d8480000, 0x0000000100000000)
  eden space 22528K, 100% used [0x00000000d5580000,0x00000000d6b80000,0x00000000d6b80000)
  from space 5632K, 99% used [0x00000000d6b80000,0x00000000d70f9950,0x00000000d7100000)
  to   space 11264K, 0% used [0x00000000d7980000,0x00000000d7980000,0x00000000d8480000)
 ParOldGen       total 877568K, used 877455K [0x0000000080000000, 0x00000000b5900000, 0x00000000d5580000)
  object space 877568K, 99% used [0x0000000080000000,0x00000000b58e3f48,0x00000000b5900000)
 Metaspace       used 66364K, committed 67904K, reserved 1114112K
  class space    used 6832K, committed 7488K, reserved 1048576K
}
Event: 112.931 GC heap after
{Heap after GC invocations=1443 (full 3):
 PSYoungGen      total 33280K, used 6107K [0x00000000d5580000, 0x00000000d7f80000, 0x0000000100000000)
  eden space 27136K, 0% used [0x00000000d5580000,0x00000000d5580000,0x00000000d7000000)
  from space 6144K, 99% used [0x00000000d7980000,0x00000000d7f76e10,0x00000000d7f80000)
  to   space 7680K, 0% used [0x00000000d7080000,0x00000000d7080000,0x00000000d7800000)
 ParOldGen       total 883200K, used 882924K [0x0000000080000000, 0x00000000b5e80000, 0x00000000d5580000)
  object space 883200K, 99% used [0x0000000080000000,0x00000000b5e3b250,0x00000000b5e80000)
 Metaspace       used 66364K, committed 67904K, reserved 1114112K
  class space    used 6832K, committed 7488K, reserved 1048576K
}
Event: 113.003 GC heap before
{Heap before GC invocations=1444 (full 3):
 PSYoungGen      total 33280K, used 33243K [0x00000000d5580000, 0x00000000d7f80000, 0x0000000100000000)
  eden space 27136K, 100% used [0x00000000d5580000,0x00000000d7000000,0x00000000d7000000)
  from space 6144K, 99% used [0x00000000d7980000,0x00000000d7f76e10,0x00000000d7f80000)
  to   space 7680K, 0% used [0x00000000d7080000,0x00000000d7080000,0x00000000d7800000)
 ParOldGen       total 883200K, used 882924K [0x0000000080000000, 0x00000000b5e80000, 0x00000000d5580000)
  object space 883200K, 99% used [0x0000000080000000,0x00000000b5e3b250,0x00000000b5e80000)
 Metaspace       used 66364K, committed 67904K, reserved 1114112K
  class space    used 6832K, committed 7488K, reserved 1048576K
}
Event: 113.012 GC heap after
{Heap after GC invocations=1444 (full 3):
 PSYoungGen      total 35328K, used 3168K [0x00000000d5580000, 0x00000000d7e80000, 0x0000000100000000)
  eden space 27648K, 0% used [0x00000000d5580000,0x00000000d5580000,0x00000000d7080000)
  from space 7680K, 41% used [0x00000000d7080000,0x00000000d7398000,0x00000000d7800000)
  to   space 4608K, 0% used [0x00000000d7a00000,0x00000000d7a00000,0x00000000d7e80000)
 ParOldGen       total 889344K, used 888880K [0x0000000080000000, 0x00000000b6480000, 0x00000000d5580000)
  object space 889344K, 99% used [0x0000000080000000,0x00000000b640c160,0x00000000b6480000)
 Metaspace       used 66364K, committed 67904K, reserved 1114112K
  class space    used 6832K, committed 7488K, reserved 1048576K
}

