# JRE version: OpenJDK Runtime Environment Temurin-21.0.7+6 (21.0.7+6) (build 21.0.7+6-LTS)
# Java VM: OpenJDK 64-Bit Server VM Temurin-21.0.7+6 (21.0.7+6-LTS, mixed mode, sharing, tiered, compressed oops, compressed class ptrs, parallel gc, windows-amd64)
GC Precious Log:
 CardTable entry size: 512
 CPUs: 8 total, 8 available
 Memory: 7876M
 Large Page Support: Disabled
 NUMA Support: Disabled
 Compressed Oops: Enabled (32-bit)
 Alignments: Space 512K, Generation 512K, Heap 2M
 Heap Min Capacity: 100M
 Heap Initial Capacity: 100M
 Heap Max Capacity: 2G
 Pre-touch: Disabled
 Parallel Workers: 8
Heap:
 PSYoungGen      total 10240K, used 9024K [0x00000000d5580000, 0x00000000d6280000, 0x0000000100000000)
  eden space 9216K, 87% used [0x00000000d5580000,0x00000000d5d57b60,0x00000000d5e80000)
  from space 1024K, 97% used [0x00000000d5e80000,0x00000000d5f78800,0x00000000d5f80000)
  to   space 2048K, 0% used [0x00000000d6080000,0x00000000d6080000,0x00000000d6280000)
 ParOldGen       total 1013760K, used 1013408K [0x0000000080000000, 0x00000000bde00000, 0x00000000d5580000)
  object space 1013760K, 99% used [0x0000000080000000,0x00000000bdda8318,0x00000000bde00000)
 Metaspace       used 63991K, committed 65664K, reserved 1114112K
  class space    used 6572K, committed 7360K, reserved 1048576K
GC Heap History (20 events):
Event: 234.630 GC heap before
{Heap before GC invocations=1507 (full 3):
 PSYoungGen      total 10240K, used 9771K [0x00000000d5580000, 0x00000000d6080000, 0x0000000100000000)
  eden space 9216K, 100% used [0x00000000d5580000,0x00000000d5e80000,0x00000000d5e80000)
  from space 1024K, 54% used [0x00000000d5e80000,0x00000000d5f0afc8,0x00000000d5f80000)
  to   space 1024K, 0% used [0x00000000d5f80000,0x00000000d5f80000,0x00000000d6080000)
 ParOldGen       total 1008640K, used 1008455K [0x0000000080000000, 0x00000000bd900000, 0x00000000d5580000)
  object space 1008640K, 99% used [0x0000000080000000,0x00000000bd8d1f78,0x00000000bd900000)
 Metaspace       used 63350K, committed 64960K, reserved 1114112K
  class space    used 6493K, committed 7232K, reserved 1048576K
}
Event: 234.636 GC heap after
{Heap after GC invocations=1507 (full 3):
 PSYoungGen      total 10240K, used 580K [0x00000000d5580000, 0x00000000d6080000, 0x0000000100000000)
  eden space 9216K, 0% used [0x00000000d5580000,0x00000000d5580000,0x00000000d5e80000)
  from space 1024K, 56% used [0x00000000d5f80000,0x00000000d60111c8,0x00000000d6080000)
  to   space 1024K, 0% used [0x00000000d5e80000,0x00000000d5e80000,0x00000000d5f80000)
 ParOldGen       total 1009152K, used 1008887K [0x0000000080000000, 0x00000000bd980000, 0x00000000d5580000)
  object space 1009152K, 99% used [0x0000000080000000,0x00000000bd93dd68,0x00000000bd980000)
 Metaspace       used 63350K, committed 64960K, reserved 1114112K
  class space    used 6493K, committed 7232K, reserved 1048576K
}
Event: 234.765 GC heap before
{Heap before GC invocations=1508 (full 3):
 PSYoungGen      total 10240K, used 9796K [0x00000000d5580000, 0x00000000d6080000, 0x0000000100000000)
  eden space 9216K, 100% used [0x00000000d5580000,0x00000000d5e80000,0x00000000d5e80000)
  from space 1024K, 56% used [0x00000000d5f80000,0x00000000d60111c8,0x00000000d6080000)
  to   space 1024K, 0% used [0x00000000d5e80000,0x00000000d5e80000,0x00000000d5f80000)
 ParOldGen       total 1009152K, used 1008887K [0x0000000080000000, 0x00000000bd980000, 0x00000000d5580000)
  object space 1009152K, 99% used [0x0000000080000000,0x00000000bd93dd68,0x00000000bd980000)
 Metaspace       used 63351K, committed 64960K, reserved 1114112K
  class space    used 6493K, committed 7232K, reserved 1048576K
}
Event: 234.772 GC heap after
{Heap after GC invocations=1508 (full 3):
 PSYoungGen      total 10240K, used 670K [0x00000000d5580000, 0x00000000d6080000, 0x0000000100000000)
  eden space 9216K, 0% used [0x00000000d5580000,0x00000000d5580000,0x00000000d5e80000)
  from space 1024K, 65% used [0x00000000d5e80000,0x00000000d5f27ac8,0x00000000d5f80000)
  to   space 1024K, 0% used [0x00000000d5f80000,0x00000000d5f80000,0x00000000d6080000)
 ParOldGen       total 1009664K, used 1009352K [0x0000000080000000, 0x00000000bda00000, 0x00000000d5580000)
  object space 1009664K, 99% used [0x0000000080000000,0x00000000bd9b21d0,0x00000000bda00000)
 Metaspace       used 63351K, committed 64960K, reserved 1114112K
  class space    used 6493K, committed 7232K, reserved 1048576K
}
Event: 234.876 GC heap before
{Heap before GC invocations=1509 (full 3):
 PSYoungGen      total 10240K, used 9886K [0x00000000d5580000, 0x00000000d6080000, 0x0000000100000000)
  eden space 9216K, 100% used [0x00000000d5580000,0x00000000d5e80000,0x00000000d5e80000)
  from space 1024K, 65% used [0x00000000d5e80000,0x00000000d5f27ac8,0x00000000d5f80000)
  to   space 1024K, 0% used [0x00000000d5f80000,0x00000000d5f80000,0x00000000d6080000)
 ParOldGen       total 1009664K, used 1009352K [0x0000000080000000, 0x00000000bda00000, 0x00000000d5580000)
  object space 1009664K, 99% used [0x0000000080000000,0x00000000bd9b21d0,0x00000000bda00000)
 Metaspace       used 63359K, committed 64960K, reserved 1114112K
  class space    used 6493K, committed 7232K, reserved 1048576K
}
Event: 234.882 GC heap after
{Heap after GC invocations=1509 (full 3):
 PSYoungGen      total 10240K, used 578K [0x00000000d5580000, 0x00000000d6080000, 0x0000000100000000)
  eden space 9216K, 0% used [0x00000000d5580000,0x00000000d5580000,0x00000000d5e80000)
  from space 1024K, 56% used [0x00000000d5f80000,0x00000000d6010968,0x00000000d6080000)
  to   space 1024K, 0% used [0x00000000d5e80000,0x00000000d5e80000,0x00000000d5f80000)
 ParOldGen       total 1010176K, used 1009854K [0x0000000080000000, 0x00000000bda80000, 0x00000000d5580000)
  object space 1010176K, 99% used [0x0000000080000000,0x00000000bda2fa10,0x00000000bda80000)
 Metaspace       used 63359K, committed 64960K, reserved 1114112K
  class space    used 6493K, committed 7232K, reserved 1048576K
}
Event: 234.949 GC heap before
{Heap before GC invocations=1510 (full 3):
 PSYoungGen      total 10240K, used 9794K [0x00000000d5580000, 0x00000000d6080000, 0x0000000100000000)
  eden space 9216K, 100% used [0x00000000d5580000,0x00000000d5e80000,0x00000000d5e80000)
  from space 1024K, 56% used [0x00000000d5f80000,0x00000000d6010968,0x00000000d6080000)
  to   space 1024K, 0% used [0x00000000d5e80000,0x00000000d5e80000,0x00000000d5f80000)
 ParOldGen       total 1010176K, used 1009854K [0x0000000080000000, 0x00000000bda80000, 0x00000000d5580000)
  object space 1010176K, 99% used [0x0000000080000000,0x00000000bda2fa10,0x00000000bda80000)
 Metaspace       used 63359K, committed 64960K, reserved 1114112K
  class space    used 6493K, committed 7232K, reserved 1048576K
}
Event: 234.955 GC heap after
{Heap after GC invocations=1510 (full 3):
 PSYoungGen      total 10240K, used 600K [0x00000000d5580000, 0x00000000d6080000, 0x0000000100000000)
  eden space 9216K, 0% used [0x00000000d5580000,0x00000000d5580000,0x00000000d5e80000)
  from space 1024K, 58% used [0x00000000d5e80000,0x00000000d5f161f0,0x00000000d5f80000)
  to   space 1024K, 0% used [0x00000000d5f80000,0x00000000d5f80000,0x00000000d6080000)
 ParOldGen       total 1010688K, used 1010293K [0x0000000080000000, 0x00000000bdb00000, 0x00000000d5580000)
  object space 1010688K, 99% used [0x0000000080000000,0x00000000bda9d7a8,0x00000000bdb00000)
 Metaspace       used 63359K, committed 64960K, reserved 1114112K
  class space    used 6493K, committed 7232K, reserved 1048576K
}
Event: 234.980 GC heap before
{Heap before GC invocations=1511 (full 3):
 PSYoungGen      total 10240K, used 9807K [0x00000000d5580000, 0x00000000d6080000, 0x0000000100000000)
  eden space 9216K, 99% used [0x00000000d5580000,0x00000000d5e7dbd8,0x00000000d5e80000)
  from space 1024K, 58% used [0x00000000d5e80000,0x00000000d5f161f0,0x00000000d5f80000)
  to   space 1024K, 0% used [0x00000000d5f80000,0x00000000d5f80000,0x00000000d6080000)
 ParOldGen       total 1010688K, used 1010293K [0x0000000080000000, 0x00000000bdb00000, 0x00000000d5580000)
  object space 1010688K, 99% used [0x0000000080000000,0x00000000bda9d7a8,0x00000000bdb00000)
 Metaspace       used 63359K, committed 64960K, reserved 1114112K
  class space    used 6493K, committed 7232K, reserved 1048576K
}
Event: 234.987 GC heap after
{Heap after GC invocations=1511 (full 3):
 PSYoungGen      total 10240K, used 536K [0x00000000d5580000, 0x00000000d6080000, 0x0000000100000000)
  eden space 9216K, 0% used [0x00000000d5580000,0x00000000d5580000,0x00000000d5e80000)
  from space 1024K, 52% used [0x00000000d5f80000,0x00000000d60061e0,0x00000000d6080000)
  to   space 1024K, 0% used [0x00000000d5e80000,0x00000000d5e80000,0x00000000d5f80000)
 ParOldGen       total 1011200K, used 1010785K [0x0000000080000000, 0x00000000bdb80000, 0x00000000d5580000)
  object space 1011200K, 99% used [0x0000000080000000,0x00000000bdb18508,0x00000000bdb80000)
 Metaspace       used 63359K, committed 64960K, reserved 1114112K
  class space    used 6493K, committed 7232K, reserved 1048576K
}
Event: 235.015 GC heap before
{Heap before GC invocations=1512 (full 3):
 PSYoungGen      total 10240K, used 9752K [0x00000000d5580000, 0x00000000d6080000, 0x0000000100000000)
  eden space 9216K, 100% used [0x00000000d5580000,0x00000000d5e80000,0x00000000d5e80000)
  from space 1024K, 52% used [0x00000000d5f80000,0x00000000d60061e0,0x00000000d6080000)
  to   space 1024K, 0% used [0x00000000d5e80000,0x00000000d5e80000,0x00000000d5f80000)
 ParOldGen       total 1011200K, used 1010785K [0x0000000080000000, 0x00000000bdb80000, 0x00000000d5580000)
  object space 1011200K, 99% used [0x0000000080000000,0x00000000bdb18508,0x00000000bdb80000)
 Metaspace       used 63359K, committed 64960K, reserved 1114112K
  class space    used 6493K, committed 7232K, reserved 1048576K
}
Event: 235.023 GC heap after
{Heap after GC invocations=1512 (full 3):
 PSYoungGen      total 10240K, used 674K [0x00000000d5580000, 0x00000000d6080000, 0x0000000100000000)
  eden space 9216K, 0% used [0x00000000d5580000,0x00000000d5580000,0x00000000d5e80000)
  from space 1024K, 65% used [0x00000000d5e80000,0x00000000d5f28ad0,0x00000000d5f80000)
  to   space 1024K, 0% used [0x00000000d5f80000,0x00000000d5f80000,0x00000000d6080000)
 ParOldGen       total 1011712K, used 1011238K [0x0000000080000000, 0x00000000bdc00000, 0x00000000d5580000)
  object space 1011712K, 99% used [0x0000000080000000,0x00000000bdb898a8,0x00000000bdc00000)
 Metaspace       used 63359K, committed 64960K, reserved 1114112K
  class space    used 6493K, committed 7232K, reserved 1048576K
}
Event: 235.075 GC heap before
{Heap before GC invocations=1513 (full 3):
 PSYoungGen      total 10240K, used 9890K [0x00000000d5580000, 0x00000000d6080000, 0x0000000100000000)
  eden space 9216K, 100% used [0x00000000d5580000,0x00000000d5e80000,0x00000000d5e80000)
  from space 1024K, 65% used [0x00000000d5e80000,0x00000000d5f28ad0,0x00000000d5f80000)
  to   space 1024K, 0% used [0x00000000d5f80000,0x00000000d5f80000,0x00000000d6080000)
 ParOldGen       total 1011712K, used 1011238K [0x0000000080000000, 0x00000000bdc00000, 0x00000000d5580000)
  object space 1011712K, 99% used [0x0000000080000000,0x00000000bdb898a8,0x00000000bdc00000)
 Metaspace       used 63363K, committed 64960K, reserved 1114112K
  class space    used 6493K, committed 7232K, reserved 1048576K
}
Event: 235.081 GC heap after
{Heap after GC invocations=1513 (full 3):
 PSYoungGen      total 10240K, used 648K [0x00000000d5580000, 0x00000000d6080000, 0x0000000100000000)
  eden space 9216K, 0% used [0x00000000d5580000,0x00000000d5580000,0x00000000d5e80000)
  from space 1024K, 63% used [0x00000000d5f80000,0x00000000d6022088,0x00000000d6080000)
  to   space 1024K, 0% used [0x00000000d5e80000,0x00000000d5e80000,0x00000000d5f80000)
 ParOldGen       total 1012224K, used 1011797K [0x0000000080000000, 0x00000000bdc80000, 0x00000000d5580000)
  object space 1012224K, 99% used [0x0000000080000000,0x00000000bdc15640,0x00000000bdc80000)
 Metaspace       used 63363K, committed 64960K, reserved 1114112K
  class space    used 6493K, committed 7232K, reserved 1048576K
}
Event: 235.120 GC heap before
{Heap before GC invocations=1514 (full 3):
 PSYoungGen      total 10240K, used 9864K [0x00000000d5580000, 0x00000000d6080000, 0x0000000100000000)
  eden space 9216K, 100% used [0x00000000d5580000,0x00000000d5e80000,0x00000000d5e80000)
  from space 1024K, 63% used [0x00000000d5f80000,0x00000000d6022088,0x00000000d6080000)
  to   space 1024K, 0% used [0x00000000d5e80000,0x00000000d5e80000,0x00000000d5f80000)
 ParOldGen       total 1012224K, used 1011797K [0x0000000080000000, 0x00000000bdc80000, 0x00000000d5580000)
  object space 1012224K, 99% used [0x0000000080000000,0x00000000bdc15640,0x00000000bdc80000)
 Metaspace       used 63364K, committed 64960K, reserved 1114112K
  class space    used 6493K, committed 7232K, reserved 1048576K
}
Event: 235.126 GC heap after
{Heap after GC invocations=1514 (full 3):
 PSYoungGen      total 10240K, used 632K [0x00000000d5580000, 0x00000000d6080000, 0x0000000100000000)
  eden space 9216K, 0% used [0x00000000d5580000,0x00000000d5580000,0x00000000d5e80000)
  from space 1024K, 61% used [0x00000000d5e80000,0x00000000d5f1e0d0,0x00000000d5f80000)
  to   space 1024K, 0% used [0x00000000d5f80000,0x00000000d5f80000,0x00000000d6080000)
 ParOldGen       total 1012736K, used 1012296K [0x0000000080000000, 0x00000000bdd00000, 0x00000000d5580000)
  object space 1012736K, 99% used [0x0000000080000000,0x00000000bdc92308,0x00000000bdd00000)
 Metaspace       used 63364K, committed 64960K, reserved 1114112K
  class space    used 6493K, committed 7232K, reserved 1048576K
}
Event: 235.187 GC heap before
{Heap before GC invocations=1515 (full 3):
 PSYoungGen      total 10240K, used 9848K [0x00000000d5580000, 0x00000000d6080000, 0x0000000100000000)
  eden space 9216K, 100% used [0x00000000d5580000,0x00000000d5e80000,0x00000000d5e80000)
  from space 1024K, 61% used [0x00000000d5e80000,0x00000000d5f1e0d0,0x00000000d5f80000)
  to   space 1024K, 0% used [0x00000000d5f80000,0x00000000d5f80000,0x00000000d6080000)
 ParOldGen       total 1012736K, used 1012296K [0x0000000080000000, 0x00000000bdd00000, 0x00000000d5580000)
  object space 1012736K, 99% used [0x0000000080000000,0x00000000bdc92308,0x00000000bdd00000)
 Metaspace       used 63366K, committed 64960K, reserved 1114112K
  class space    used 6493K, committed 7232K, reserved 1048576K
}
Event: 235.193 GC heap after
{Heap after GC invocations=1515 (full 3):
 PSYoungGen      total 10240K, used 718K [0x00000000d5580000, 0x00000000d6080000, 0x0000000100000000)
  eden space 9216K, 0% used [0x00000000d5580000,0x00000000d5580000,0x00000000d5e80000)
  from space 1024K, 70% used [0x00000000d5f80000,0x00000000d60338b0,0x00000000d6080000)
  to   space 1024K, 0% used [0x00000000d5e80000,0x00000000d5e80000,0x00000000d5f80000)
 ParOldGen       total 1012736K, used 1012727K [0x0000000080000000, 0x00000000bdd00000, 0x00000000d5580000)
  object space 1012736K, 99% used [0x0000000080000000,0x00000000bdcfdc40,0x00000000bdd00000)
 Metaspace       used 63366K, committed 64960K, reserved 1114112K
  class space    used 6493K, committed 7232K, reserved 1048576K
}
Event: 235.492 GC heap before
{Heap before GC invocations=1516 (full 3):
 PSYoungGen      total 10240K, used 9934K [0x00000000d5580000, 0x00000000d6080000, 0x0000000100000000)
  eden space 9216K, 100% used [0x00000000d5580000,0x00000000d5e80000,0x00000000d5e80000)
  from space 1024K, 70% used [0x00000000d5f80000,0x00000000d60338b0,0x00000000d6080000)
  to   space 1024K, 0% used [0x00000000d5e80000,0x00000000d5e80000,0x00000000d5f80000)
 ParOldGen       total 1012736K, used 1012727K [0x0000000080000000, 0x00000000bdd00000, 0x00000000d5580000)
  object space 1012736K, 99% used [0x0000000080000000,0x00000000bdcfdc40,0x00000000bdd00000)
 Metaspace       used 63467K, committed 65088K, reserved 1114112K
  class space    used 6506K, committed 7232K, reserved 1048576K
}
Event: 235.506 GC heap after
{Heap after GC invocations=1516 (full 3):
 PSYoungGen      total 10240K, used 994K [0x00000000d5580000, 0x00000000d6280000, 0x0000000100000000)
  eden space 9216K, 0% used [0x00000000d5580000,0x00000000d5580000,0x00000000d5e80000)
  from space 1024K, 97% used [0x00000000d5e80000,0x00000000d5f78800,0x00000000d5f80000)
  to   space 2048K, 0% used [0x00000000d6080000,0x00000000d6080000,0x00000000d6280000)
 ParOldGen       total 1013760K, used 1013408K [0x0000000080000000, 0x00000000bde00000, 0x00000000d5580000)
  object space 1013760K, 99% used [0x0000000080000000,0x00000000bdda8318,0x00000000bde00000)
 Metaspace       used 63467K, committed 65088K, reserved 1114112K
  class space    used 6506K, committed 7232K, reserved 1048576K
}

