# JRE version: OpenJDK Runtime Environment Temurin-21.0.7+6 (21.0.7+6) (build 21.0.7+6-LTS)
# Java VM: OpenJDK 64-Bit Server VM Temurin-21.0.7+6 (21.0.7+6-LTS, mixed mode, sharing, tiered, compressed oops, compressed class ptrs, parallel gc, windows-amd64)
GC Precious Log:
 CardTable entry size: 512
 CPUs: 8 total, 8 available
 Memory: 7876M
 Large Page Support: Disabled
 NUMA Support: Disabled
 Compressed Oops: Enabled (32-bit)
 Alignments: Space 512K, Generation 512K, Heap 2M
 Heap Min Capacity: 100M
 Heap Initial Capacity: 100M
 Heap Max Capacity: 2G
 Pre-touch: Disabled
 Parallel Workers: 8
Heap:
 PSYoungGen      total 17408K, used 15415K [0x00000000d5580000, 0x00000000d6b80000, 0x0000000100000000)
  eden space 15360K, 87% used [0x00000000d5580000,0x00000000d62973a8,0x00000000d6480000)
  from space 2048K, 98% used [0x00000000d6980000,0x00000000d6b769a0,0x00000000d6b80000)
  to   space 3072K, 0% used [0x00000000d6580000,0x00000000d6580000,0x00000000d6880000)
 ParOldGen       total 71680K, used 69982K [0x0000000080000000, 0x0000000084600000, 0x00000000d5580000)
  object space 71680K, 97% used [0x0000000080000000,0x00000000844579e8,0x0000000084600000)
 Metaspace       used 60137K, committed 61440K, reserved 1114112K
  class space    used 6195K, committed 6784K, reserved 1048576K
GC Heap History (20 events):
Event: 115.455 GC heap before
{Heap before GC invocations=44 (full 2):
 PSYoungGen      total 18944K, used 8434K [0x00000000d5580000, 0x00000000d6e00000, 0x0000000100000000)
  eden space 15360K, 42% used [0x00000000d5580000,0x00000000d5beca28,0x00000000d6480000)
  from space 3584K, 51% used [0x00000000d6800000,0x00000000d69d0000,0x00000000d6b80000)
  to   space 2048K, 0% used [0x00000000d6c00000,0x00000000d6c00000,0x00000000d6e00000)
 ParOldGen       total 70144K, used 69663K [0x0000000080000000, 0x0000000084480000, 0x00000000d5580000)
  object space 70144K, 99% used [0x0000000080000000,0x0000000084407e20,0x0000000084480000)
 Metaspace       used 58475K, committed 59776K, reserved 1114112K
  class space    used 6078K, committed 6656K, reserved 1048576K
}
Event: 115.462 GC heap after
{Heap after GC invocations=44 (full 2):
 PSYoungGen      total 17408K, used 1584K [0x00000000d5580000, 0x00000000d6e00000, 0x0000000100000000)
  eden space 15360K, 0% used [0x00000000d5580000,0x00000000d5580000,0x00000000d6480000)
  from space 2048K, 77% used [0x00000000d6c00000,0x00000000d6d8c008,0x00000000d6e00000)
  to   space 2048K, 0% used [0x00000000d6a00000,0x00000000d6a00000,0x00000000d6c00000)
 ParOldGen       total 71680K, used 71375K [0x0000000080000000, 0x0000000084600000, 0x00000000d5580000)
  object space 71680K, 99% used [0x0000000080000000,0x00000000845b3fa0,0x0000000084600000)
 Metaspace       used 58475K, committed 59776K, reserved 1114112K
  class space    used 6078K, committed 6656K, reserved 1048576K
}
Event: 115.462 GC heap before
{Heap before GC invocations=45 (full 3):
 PSYoungGen      total 17408K, used 1584K [0x00000000d5580000, 0x00000000d6e00000, 0x0000000100000000)
  eden space 15360K, 0% used [0x00000000d5580000,0x00000000d5580000,0x00000000d6480000)
  from space 2048K, 77% used [0x00000000d6c00000,0x00000000d6d8c008,0x00000000d6e00000)
  to   space 2048K, 0% used [0x00000000d6a00000,0x00000000d6a00000,0x00000000d6c00000)
 ParOldGen       total 71680K, used 71375K [0x0000000080000000, 0x0000000084600000, 0x00000000d5580000)
  object space 71680K, 99% used [0x0000000080000000,0x00000000845b3fa0,0x0000000084600000)
 Metaspace       used 58475K, committed 59776K, reserved 1114112K
  class space    used 6078K, committed 6656K, reserved 1048576K
}
Event: 116.434 GC heap after
{Heap after GC invocations=45 (full 3):
 PSYoungGen      total 17408K, used 0K [0x00000000d5580000, 0x00000000d6e00000, 0x0000000100000000)
  eden space 15360K, 0% used [0x00000000d5580000,0x00000000d5580000,0x00000000d6480000)
  from space 2048K, 0% used [0x00000000d6c00000,0x00000000d6c00000,0x00000000d6e00000)
  to   space 2048K, 0% used [0x00000000d6a00000,0x00000000d6a00000,0x00000000d6c00000)
 ParOldGen       total 71680K, used 54845K [0x0000000080000000, 0x0000000084600000, 0x00000000d5580000)
  object space 71680K, 76% used [0x0000000080000000,0x000000008358f408,0x0000000084600000)
 Metaspace       used 58472K, committed 59776K, reserved 1114112K
  class space    used 6077K, committed 6656K, reserved 1048576K
}
Event: 120.997 GC heap before
{Heap before GC invocations=46 (full 3):
 PSYoungGen      total 17408K, used 15360K [0x00000000d5580000, 0x00000000d6e00000, 0x0000000100000000)
  eden space 15360K, 100% used [0x00000000d5580000,0x00000000d6480000,0x00000000d6480000)
  from space 2048K, 0% used [0x00000000d6c00000,0x00000000d6c00000,0x00000000d6e00000)
  to   space 2048K, 0% used [0x00000000d6a00000,0x00000000d6a00000,0x00000000d6c00000)
 ParOldGen       total 71680K, used 54845K [0x0000000080000000, 0x0000000084600000, 0x00000000d5580000)
  object space 71680K, 76% used [0x0000000080000000,0x000000008358f408,0x0000000084600000)
 Metaspace       used 59009K, committed 60288K, reserved 1114112K
  class space    used 6137K, committed 6720K, reserved 1048576K
}
Event: 121.004 GC heap after
{Heap after GC invocations=46 (full 3):
 PSYoungGen      total 17408K, used 2027K [0x00000000d5580000, 0x00000000d6c80000, 0x0000000100000000)
  eden space 15360K, 0% used [0x00000000d5580000,0x00000000d5580000,0x00000000d6480000)
  from space 2048K, 98% used [0x00000000d6a00000,0x00000000d6bfacb8,0x00000000d6c00000)
  to   space 512K, 0% used [0x00000000d6c00000,0x00000000d6c00000,0x00000000d6c80000)
 ParOldGen       total 71680K, used 55547K [0x0000000080000000, 0x0000000084600000, 0x00000000d5580000)
  object space 71680K, 77% used [0x0000000080000000,0x000000008363ef28,0x0000000084600000)
 Metaspace       used 59009K, committed 60288K, reserved 1114112K
  class space    used 6137K, committed 6720K, reserved 1048576K
}
Event: 132.896 GC heap before
{Heap before GC invocations=47 (full 3):
 PSYoungGen      total 17408K, used 17375K [0x00000000d5580000, 0x00000000d6c80000, 0x0000000100000000)
  eden space 15360K, 99% used [0x00000000d5580000,0x00000000d647d220,0x00000000d6480000)
  from space 2048K, 98% used [0x00000000d6a00000,0x00000000d6bfacb8,0x00000000d6c00000)
  to   space 512K, 0% used [0x00000000d6c00000,0x00000000d6c00000,0x00000000d6c80000)
 ParOldGen       total 71680K, used 55547K [0x0000000080000000, 0x0000000084600000, 0x00000000d5580000)
  object space 71680K, 77% used [0x0000000080000000,0x000000008363ef28,0x0000000084600000)
 Metaspace       used 59124K, committed 60416K, reserved 1114112K
  class space    used 6138K, committed 6720K, reserved 1048576K
}
Event: 132.910 GC heap after
{Heap after GC invocations=47 (full 3):
 PSYoungGen      total 15872K, used 507K [0x00000000d5580000, 0x00000000d6e80000, 0x0000000100000000)
  eden space 15360K, 0% used [0x00000000d5580000,0x00000000d5580000,0x00000000d6480000)
  from space 512K, 99% used [0x00000000d6c00000,0x00000000d6c7ee38,0x00000000d6c80000)
  to   space 5120K, 0% used [0x00000000d6480000,0x00000000d6480000,0x00000000d6980000)
 ParOldGen       total 71680K, used 59659K [0x0000000080000000, 0x0000000084600000, 0x00000000d5580000)
  object space 71680K, 83% used [0x0000000080000000,0x0000000083a42e00,0x0000000084600000)
 Metaspace       used 59124K, committed 60416K, reserved 1114112K
  class space    used 6138K, committed 6720K, reserved 1048576K
}
Event: 134.680 GC heap before
{Heap before GC invocations=48 (full 3):
 PSYoungGen      total 15872K, used 15853K [0x00000000d5580000, 0x00000000d6e80000, 0x0000000100000000)
  eden space 15360K, 99% used [0x00000000d5580000,0x00000000d647c670,0x00000000d6480000)
  from space 512K, 99% used [0x00000000d6c00000,0x00000000d6c7ee38,0x00000000d6c80000)
  to   space 5120K, 0% used [0x00000000d6480000,0x00000000d6480000,0x00000000d6980000)
 ParOldGen       total 71680K, used 59659K [0x0000000080000000, 0x0000000084600000, 0x00000000d5580000)
  object space 71680K, 83% used [0x0000000080000000,0x0000000083a42e00,0x0000000084600000)
 Metaspace       used 59215K, committed 60608K, reserved 1114112K
  class space    used 6141K, committed 6784K, reserved 1048576K
}
Event: 134.689 GC heap after
{Heap after GC invocations=48 (full 3):
 PSYoungGen      total 17920K, used 2442K [0x00000000d5580000, 0x00000000d6c80000, 0x0000000100000000)
  eden space 15360K, 0% used [0x00000000d5580000,0x00000000d5580000,0x00000000d6480000)
  from space 2560K, 95% used [0x00000000d6480000,0x00000000d66e2b98,0x00000000d6700000)
  to   space 3584K, 0% used [0x00000000d6900000,0x00000000d6900000,0x00000000d6c80000)
 ParOldGen       total 71680K, used 60185K [0x0000000080000000, 0x0000000084600000, 0x00000000d5580000)
  object space 71680K, 83% used [0x0000000080000000,0x0000000083ac65c0,0x0000000084600000)
 Metaspace       used 59215K, committed 60608K, reserved 1114112K
  class space    used 6141K, committed 6784K, reserved 1048576K
}
Event: 136.039 GC heap before
{Heap before GC invocations=49 (full 3):
 PSYoungGen      total 17920K, used 17802K [0x00000000d5580000, 0x00000000d6c80000, 0x0000000100000000)
  eden space 15360K, 100% used [0x00000000d5580000,0x00000000d6480000,0x00000000d6480000)
  from space 2560K, 95% used [0x00000000d6480000,0x00000000d66e2b98,0x00000000d6700000)
  to   space 3584K, 0% used [0x00000000d6900000,0x00000000d6900000,0x00000000d6c80000)
 ParOldGen       total 71680K, used 60185K [0x0000000080000000, 0x0000000084600000, 0x00000000d5580000)
  object space 71680K, 83% used [0x0000000080000000,0x0000000083ac65c0,0x0000000084600000)
 Metaspace       used 59293K, committed 60672K, reserved 1114112K
  class space    used 6142K, committed 6784K, reserved 1048576K
}
Event: 136.051 GC heap after
{Heap after GC invocations=49 (full 3):
 PSYoungGen      total 17920K, used 2125K [0x00000000d5580000, 0x00000000d6b80000, 0x0000000100000000)
  eden space 15360K, 0% used [0x00000000d5580000,0x00000000d5580000,0x00000000d6480000)
  from space 2560K, 83% used [0x00000000d6900000,0x00000000d6b13528,0x00000000d6b80000)
  to   space 2560K, 0% used [0x00000000d6480000,0x00000000d6480000,0x00000000d6700000)
 ParOldGen       total 71680K, used 62407K [0x0000000080000000, 0x0000000084600000, 0x00000000d5580000)
  object space 71680K, 87% used [0x0000000080000000,0x0000000083cf1f70,0x0000000084600000)
 Metaspace       used 59293K, committed 60672K, reserved 1114112K
  class space    used 6142K, committed 6784K, reserved 1048576K
}
Event: 137.653 GC heap before
{Heap before GC invocations=50 (full 3):
 PSYoungGen      total 17920K, used 17485K [0x00000000d5580000, 0x00000000d6b80000, 0x0000000100000000)
  eden space 15360K, 100% used [0x00000000d5580000,0x00000000d6480000,0x00000000d6480000)
  from space 2560K, 83% used [0x00000000d6900000,0x00000000d6b13528,0x00000000d6b80000)
  to   space 2560K, 0% used [0x00000000d6480000,0x00000000d6480000,0x00000000d6700000)
 ParOldGen       total 71680K, used 62407K [0x0000000080000000, 0x0000000084600000, 0x00000000d5580000)
  object space 71680K, 87% used [0x0000000080000000,0x0000000083cf1f70,0x0000000084600000)
 Metaspace       used 59466K, committed 60864K, reserved 1114112K
  class space    used 6142K, committed 6784K, reserved 1048576K
}
Event: 137.670 GC heap after
{Heap after GC invocations=50 (full 3):
 PSYoungGen      total 17920K, used 1600K [0x00000000d5580000, 0x00000000d6980000, 0x0000000100000000)
  eden space 15360K, 0% used [0x00000000d5580000,0x00000000d5580000,0x00000000d6480000)
  from space 2560K, 62% used [0x00000000d6480000,0x00000000d6610000,0x00000000d6700000)
  to   space 2048K, 0% used [0x00000000d6780000,0x00000000d6780000,0x00000000d6980000)
 ParOldGen       total 71680K, used 64295K [0x0000000080000000, 0x0000000084600000, 0x00000000d5580000)
  object space 71680K, 89% used [0x0000000080000000,0x0000000083ec9e10,0x0000000084600000)
 Metaspace       used 59466K, committed 60864K, reserved 1114112K
  class space    used 6142K, committed 6784K, reserved 1048576K
}
Event: 138.782 GC heap before
{Heap before GC invocations=51 (full 3):
 PSYoungGen      total 17920K, used 16960K [0x00000000d5580000, 0x00000000d6980000, 0x0000000100000000)
  eden space 15360K, 100% used [0x00000000d5580000,0x00000000d6480000,0x00000000d6480000)
  from space 2560K, 62% used [0x00000000d6480000,0x00000000d6610000,0x00000000d6700000)
  to   space 2048K, 0% used [0x00000000d6780000,0x00000000d6780000,0x00000000d6980000)
 ParOldGen       total 71680K, used 64295K [0x0000000080000000, 0x0000000084600000, 0x00000000d5580000)
  object space 71680K, 89% used [0x0000000080000000,0x0000000083ec9e10,0x0000000084600000)
 Metaspace       used 59597K, committed 60992K, reserved 1114112K
  class space    used 6155K, committed 6784K, reserved 1048576K
}
Event: 138.791 GC heap after
{Heap after GC invocations=51 (full 3):
 PSYoungGen      total 17408K, used 1810K [0x00000000d5580000, 0x00000000d6980000, 0x0000000100000000)
  eden space 15360K, 0% used [0x00000000d5580000,0x00000000d5580000,0x00000000d6480000)
  from space 2048K, 88% used [0x00000000d6780000,0x00000000d6944b90,0x00000000d6980000)
  to   space 2048K, 0% used [0x00000000d6580000,0x00000000d6580000,0x00000000d6780000)
 ParOldGen       total 71680K, used 65701K [0x0000000080000000, 0x0000000084600000, 0x00000000d5580000)
  object space 71680K, 91% used [0x0000000080000000,0x0000000084029750,0x0000000084600000)
 Metaspace       used 59597K, committed 60992K, reserved 1114112K
  class space    used 6155K, committed 6784K, reserved 1048576K
}
Event: 141.071 GC heap before
{Heap before GC invocations=52 (full 3):
 PSYoungGen      total 17408K, used 17170K [0x00000000d5580000, 0x00000000d6980000, 0x0000000100000000)
  eden space 15360K, 100% used [0x00000000d5580000,0x00000000d6480000,0x00000000d6480000)
  from space 2048K, 88% used [0x00000000d6780000,0x00000000d6944b90,0x00000000d6980000)
  to   space 2048K, 0% used [0x00000000d6580000,0x00000000d6580000,0x00000000d6780000)
 ParOldGen       total 71680K, used 65701K [0x0000000080000000, 0x0000000084600000, 0x00000000d5580000)
  object space 71680K, 91% used [0x0000000080000000,0x0000000084029750,0x0000000084600000)
 Metaspace       used 59893K, committed 61248K, reserved 1114112K
  class space    used 6193K, committed 6784K, reserved 1048576K
}
Event: 141.089 GC heap after
{Heap after GC invocations=52 (full 3):
 PSYoungGen      total 17408K, used 2047K [0x00000000d5580000, 0x00000000d6e80000, 0x0000000100000000)
  eden space 15360K, 0% used [0x00000000d5580000,0x00000000d5580000,0x00000000d6480000)
  from space 2048K, 99% used [0x00000000d6580000,0x00000000d677fc08,0x00000000d6780000)
  to   space 5120K, 0% used [0x00000000d6980000,0x00000000d6980000,0x00000000d6e80000)
 ParOldGen       total 71680K, used 68009K [0x0000000080000000, 0x0000000084600000, 0x00000000d5580000)
  object space 71680K, 94% used [0x0000000080000000,0x000000008426a718,0x0000000084600000)
 Metaspace       used 59893K, committed 61248K, reserved 1114112K
  class space    used 6193K, committed 6784K, reserved 1048576K
}
Event: 143.099 GC heap before
{Heap before GC invocations=53 (full 3):
 PSYoungGen      total 17408K, used 17407K [0x00000000d5580000, 0x00000000d6e80000, 0x0000000100000000)
  eden space 15360K, 100% used [0x00000000d5580000,0x00000000d6480000,0x00000000d6480000)
  from space 2048K, 99% used [0x00000000d6580000,0x00000000d677fc08,0x00000000d6780000)
  to   space 5120K, 0% used [0x00000000d6980000,0x00000000d6980000,0x00000000d6e80000)
 ParOldGen       total 71680K, used 68009K [0x0000000080000000, 0x0000000084600000, 0x00000000d5580000)
  object space 71680K, 94% used [0x0000000080000000,0x000000008426a718,0x0000000084600000)
 Metaspace       used 60104K, committed 61440K, reserved 1114112K
  class space    used 6195K, committed 6784K, reserved 1048576K
}
Event: 143.103 GC heap after
{Heap after GC invocations=53 (full 3):
 PSYoungGen      total 17408K, used 2010K [0x00000000d5580000, 0x00000000d6b80000, 0x0000000100000000)
  eden space 15360K, 0% used [0x00000000d5580000,0x00000000d5580000,0x00000000d6480000)
  from space 2048K, 98% used [0x00000000d6980000,0x00000000d6b769a0,0x00000000d6b80000)
  to   space 3072K, 0% used [0x00000000d6580000,0x00000000d6580000,0x00000000d6880000)
 ParOldGen       total 71680K, used 69982K [0x0000000080000000, 0x0000000084600000, 0x00000000d5580000)
  object space 71680K, 97% used [0x0000000080000000,0x00000000844579e8,0x0000000084600000)
 Metaspace       used 60104K, committed 61440K, reserved 1114112K
  class space    used 6195K, committed 6784K, reserved 1048576K
}

